INFO [2025-02-09 10:02:34] $x
INFO [2025-02-09 10:02:34] list(RBP_list, human_RBP_list)
INFO [2025-02-09 10:02:34] 
INFO [2025-02-09 10:02:34] $category.names
INFO [2025-02-09 10:02:34] c("Exp_RBP\n(4296)", "human_RBP\n(6100)")
INFO [2025-02-09 10:02:34] 
INFO [2025-02-09 10:02:34] $filename
INFO [2025-02-09 10:02:34] [1] "venn_diagram.tiff"
INFO [2025-02-09 10:02:34] 
INFO [2025-02-09 10:02:34] $imagetype
INFO [2025-02-09 10:02:34] [1] "tiff"
INFO [2025-02-09 10:02:34] 
INFO [2025-02-09 10:02:34] $height
INFO [2025-02-09 10:02:34] [1] 2
INFO [2025-02-09 10:02:34] 
INFO [2025-02-09 10:02:34] $width
INFO [2025-02-09 10:02:34] [1] 2
INFO [2025-02-09 10:02:34] 
INFO [2025-02-09 10:02:34] $units
INFO [2025-02-09 10:02:34] [1] "in"
INFO [2025-02-09 10:02:34] 
INFO [2025-02-09 10:02:34] $lwd
INFO [2025-02-09 10:02:34] [1] 1
INFO [2025-02-09 10:02:34] 
INFO [2025-02-09 10:02:34] $col
INFO [2025-02-09 10:02:34] c("#440154ff", "#21908dff")
INFO [2025-02-09 10:02:34] 
INFO [2025-02-09 10:02:34] $fill
INFO [2025-02-09 10:02:34] c(alpha("#440154ff", 0.3), alpha("#21908dff", 0.3))
INFO [2025-02-09 10:02:34] 
INFO [2025-02-09 10:02:34] $resolution
INFO [2025-02-09 10:02:34] [1] 1200
INFO [2025-02-09 10:02:34] 
INFO [2025-02-09 10:02:34] $cat.cex
INFO [2025-02-09 10:02:34] [1] 0.6
INFO [2025-02-09 10:02:34] 
INFO [2025-02-09 10:02:34] $cat.pos
INFO [2025-02-09 10:02:34] c(-30, 150)
INFO [2025-02-09 10:02:34] 
INFO [2025-02-09 10:02:34] $cat.dist
INFO [2025-02-09 10:02:34] c(0.045, 0.045)
INFO [2025-02-09 10:02:34] 
